Performance Statistics   2019-12-26 13:35:00 - 2019-12-26 13:36:00
Tag                                                  Avg(ms)         Min         Max     Std Dev       Count
AUTHENTICATE                                            15.0          15          15         0.0           1
CREATE_TICKET_GRANTING_TICKET                           20.0          20          20         0.0           1

Performance Statistics   2019-12-26 13:46:00 - 2019-12-26 13:47:00
Tag                                                  Avg(ms)         Min         Max     Std Dev       Count
AUTHENTICATE                                            27.0          27          27         0.0           1
CREATE_TICKET_GRANTING_TICKET                           35.0          35          35         0.0           1
GRANT_SERVICE_TICKET                                     7.0           7           7         0.0           1
VALIDATE_SERVICE_TICKET                                  6.0           6           6         0.0           1

Performance Statistics   2019-12-26 13:47:00 - 2019-12-26 13:48:00
Tag                                                  Avg(ms)         Min         Max     Std Dev       Count

Performance Statistics   2019-12-26 13:48:00 - 2019-12-26 13:49:00
Tag                                                  Avg(ms)         Min         Max     Std Dev       Count

Performance Statistics   2019-12-26 13:51:00 - 2019-12-26 13:52:00
Tag                                                  Avg(ms)         Min         Max     Std Dev       Count
AUTHENTICATE                                            16.0          16          16         0.0           1
CREATE_TICKET_GRANTING_TICKET                           25.0          25          25         0.0           1
GRANT_SERVICE_TICKET                                     6.0           6           6         0.0           1
VALIDATE_SERVICE_TICKET                                  7.0           7           7         0.0           1

Performance Statistics   2019-12-26 13:52:00 - 2019-12-26 13:53:00
Tag                                                  Avg(ms)         Min         Max     Std Dev       Count

Performance Statistics   2019-12-26 13:53:00 - 2019-12-26 13:54:00
Tag                                                  Avg(ms)         Min         Max     Std Dev       Count

Performance Statistics   2019-12-26 13:54:00 - 2019-12-26 13:55:00
Tag                                                  Avg(ms)         Min         Max     Std Dev       Count

Performance Statistics   2019-12-26 14:05:00 - 2019-12-26 14:06:00
Tag                                                  Avg(ms)         Min         Max     Std Dev       Count
AUTHENTICATE                                           842.0         842         842         0.0           1
CREATE_TICKET_GRANTING_TICKET                          850.0         850         850         0.0           1
GRANT_SERVICE_TICKET                                     6.0           6           6         0.0           1
VALIDATE_SERVICE_TICKET                                 10.0          10          10         0.0           1

Performance Statistics   2019-12-26 14:06:00 - 2019-12-26 14:07:00
Tag                                                  Avg(ms)         Min         Max     Std Dev       Count

Performance Statistics   2019-12-26 14:07:00 - 2019-12-26 14:08:00
Tag                                                  Avg(ms)         Min         Max     Std Dev       Count

Performance Statistics   2019-12-26 14:08:00 - 2019-12-26 14:09:00
Tag                                                  Avg(ms)         Min         Max     Std Dev       Count

Performance Statistics   2019-12-26 14:09:00 - 2019-12-26 14:10:00
Tag                                                  Avg(ms)         Min         Max     Std Dev       Count

Performance Statistics   2019-12-26 14:12:00 - 2019-12-26 14:13:00
Tag                                                  Avg(ms)         Min         Max     Std Dev       Count

Performance Statistics   2019-12-26 14:13:00 - 2019-12-26 14:14:00
Tag                                                  Avg(ms)         Min         Max     Std Dev       Count

Performance Statistics   2019-12-26 14:14:00 - 2019-12-26 14:15:00
Tag                                                  Avg(ms)         Min         Max     Std Dev       Count

Performance Statistics   2019-12-26 14:15:00 - 2019-12-26 14:16:00
Tag                                                  Avg(ms)         Min         Max     Std Dev       Count

Performance Statistics   2019-12-26 14:17:00 - 2019-12-26 14:18:00
Tag                                                  Avg(ms)         Min         Max     Std Dev       Count
AUTHENTICATE                                           739.0         739         739         0.0           1
CREATE_TICKET_GRANTING_TICKET                          746.0         746         746         0.0           1

Performance Statistics   2019-12-26 14:19:00 - 2019-12-26 14:20:00
Tag                                                  Avg(ms)         Min         Max     Std Dev       Count

Performance Statistics   2019-12-26 14:20:00 - 2019-12-26 14:21:00
Tag                                                  Avg(ms)         Min         Max     Std Dev       Count

Performance Statistics   2019-12-26 14:21:00 - 2019-12-26 14:22:00
Tag                                                  Avg(ms)         Min         Max     Std Dev       Count

Performance Statistics   2019-12-26 14:23:00 - 2019-12-26 14:24:00
Tag                                                  Avg(ms)         Min         Max     Std Dev       Count
AUTHENTICATE                                           820.0         820         820         0.0           1
CREATE_TICKET_GRANTING_TICKET                          828.0         828         828         0.0           1
GRANT_SERVICE_TICKET                                     4.0           4           4         0.0           1
VALIDATE_SERVICE_TICKET                                  7.0           7           7         0.0           1

Performance Statistics   2019-12-26 14:24:00 - 2019-12-26 14:25:00
Tag                                                  Avg(ms)         Min         Max     Std Dev       Count

Performance Statistics   2019-12-26 14:25:00 - 2019-12-26 14:26:00
Tag                                                  Avg(ms)         Min         Max     Std Dev       Count

Performance Statistics   2019-12-26 14:26:00 - 2019-12-26 14:27:00
Tag                                                  Avg(ms)         Min         Max     Std Dev       Count

Performance Statistics   2019-12-26 14:27:00 - 2019-12-26 14:28:00
Tag                                                  Avg(ms)         Min         Max     Std Dev       Count

Performance Statistics   2019-12-26 14:28:00 - 2019-12-26 14:29:00
Tag                                                  Avg(ms)         Min         Max     Std Dev       Count

Performance Statistics   2019-12-26 14:29:00 - 2019-12-26 14:30:00
Tag                                                  Avg(ms)         Min         Max     Std Dev       Count

Performance Statistics   2019-12-26 14:30:00 - 2019-12-26 14:31:00
Tag                                                  Avg(ms)         Min         Max     Std Dev       Count

Performance Statistics   2019-12-26 14:31:00 - 2019-12-26 14:32:00
Tag                                                  Avg(ms)         Min         Max     Std Dev       Count

Performance Statistics   2019-12-26 14:32:00 - 2019-12-26 14:33:00
Tag                                                  Avg(ms)         Min         Max     Std Dev       Count

Performance Statistics   2019-12-26 14:33:00 - 2019-12-26 14:34:00
Tag                                                  Avg(ms)         Min         Max     Std Dev       Count

Performance Statistics   2019-12-26 14:34:00 - 2019-12-26 14:35:00
Tag                                                  Avg(ms)         Min         Max     Std Dev       Count

Performance Statistics   2019-12-26 14:35:00 - 2019-12-26 14:36:00
Tag                                                  Avg(ms)         Min         Max     Std Dev       Count

Performance Statistics   2019-12-26 14:36:00 - 2019-12-26 14:37:00
Tag                                                  Avg(ms)         Min         Max     Std Dev       Count

Performance Statistics   2019-12-26 14:37:00 - 2019-12-26 14:38:00
Tag                                                  Avg(ms)         Min         Max     Std Dev       Count

Performance Statistics   2019-12-26 14:38:00 - 2019-12-26 14:39:00
Tag                                                  Avg(ms)         Min         Max     Std Dev       Count

Performance Statistics   2019-12-26 14:39:00 - 2019-12-26 14:40:00
Tag                                                  Avg(ms)         Min         Max     Std Dev       Count

Performance Statistics   2019-12-26 14:40:00 - 2019-12-26 14:41:00
Tag                                                  Avg(ms)         Min         Max     Std Dev       Count

Performance Statistics   2019-12-26 14:41:00 - 2019-12-26 14:42:00
Tag                                                  Avg(ms)         Min         Max     Std Dev       Count

Performance Statistics   2019-12-26 14:42:00 - 2019-12-26 14:43:00
Tag                                                  Avg(ms)         Min         Max     Std Dev       Count

Performance Statistics   2019-12-26 14:43:00 - 2019-12-26 14:44:00
Tag                                                  Avg(ms)         Min         Max     Std Dev       Count

Performance Statistics   2019-12-26 14:44:00 - 2019-12-26 14:45:00
Tag                                                  Avg(ms)         Min         Max     Std Dev       Count
DESTROY_TICKET_GRANTING_TICKET                           7.0           7           7         0.0           1

Performance Statistics   2019-12-26 14:45:00 - 2019-12-26 14:46:00
Tag                                                  Avg(ms)         Min         Max     Std Dev       Count

Performance Statistics   2019-12-26 14:46:00 - 2019-12-26 14:47:00
Tag                                                  Avg(ms)         Min         Max     Std Dev       Count

Performance Statistics   2019-12-26 14:47:00 - 2019-12-26 14:48:00
Tag                                                  Avg(ms)         Min         Max     Std Dev       Count

Performance Statistics   2019-12-26 14:48:00 - 2019-12-26 14:49:00
Tag                                                  Avg(ms)         Min         Max     Std Dev       Count

Performance Statistics   2019-12-26 14:49:00 - 2019-12-26 14:50:00
Tag                                                  Avg(ms)         Min         Max     Std Dev       Count

Performance Statistics   2019-12-26 14:50:00 - 2019-12-26 14:51:00
Tag                                                  Avg(ms)         Min         Max     Std Dev       Count

Performance Statistics   2019-12-26 14:51:00 - 2019-12-26 14:52:00
Tag                                                  Avg(ms)         Min         Max     Std Dev       Count

Performance Statistics   2019-12-26 14:52:00 - 2019-12-26 14:53:00
Tag                                                  Avg(ms)         Min         Max     Std Dev       Count
AUTHENTICATE                                            55.0          55          55         0.0           1
CREATE_TICKET_GRANTING_TICKET                           56.0          56          56         0.0           1
DESTROY_TICKET_GRANTING_TICKET                           6.0           6           6         0.0           1
GRANT_SERVICE_TICKET                                     1.0           1           1         0.0           1
VALIDATE_SERVICE_TICKET                                  0.0           0           0         0.0           1

Performance Statistics   2019-12-26 14:53:00 - 2019-12-26 14:54:00
Tag                                                  Avg(ms)         Min         Max     Std Dev       Count
AUTHENTICATE                                            59.0          59          59         0.0           1
CREATE_TICKET_GRANTING_TICKET                           61.0          61          61         0.0           1

Performance Statistics   2019-12-26 14:54:00 - 2019-12-26 14:55:00
Tag                                                  Avg(ms)         Min         Max     Std Dev       Count
GRANT_SERVICE_TICKET                                     2.0           2           2         0.0           1
VALIDATE_SERVICE_TICKET                                  1.0           1           1         0.0           1

Performance Statistics   2019-12-26 14:55:00 - 2019-12-26 14:56:00
Tag                                                  Avg(ms)         Min         Max     Std Dev       Count
DESTROY_TICKET_GRANTING_TICKET                           5.0           5           5         0.0           1
GRANT_SERVICE_TICKET                                     2.0           2           2         0.0           1
VALIDATE_SERVICE_TICKET                                  5.0           5           5         0.0           1

Performance Statistics   2019-12-26 14:56:00 - 2019-12-26 14:57:00
Tag                                                  Avg(ms)         Min         Max     Std Dev       Count

Performance Statistics   2019-12-26 14:57:00 - 2019-12-26 14:58:00
Tag                                                  Avg(ms)         Min         Max     Std Dev       Count

Performance Statistics   2019-12-26 14:58:00 - 2019-12-26 14:59:00
Tag                                                  Avg(ms)         Min         Max     Std Dev       Count

Performance Statistics   2019-12-26 14:59:00 - 2019-12-26 15:00:00
Tag                                                  Avg(ms)         Min         Max     Std Dev       Count

Performance Statistics   2019-12-26 15:00:00 - 2019-12-26 15:01:00
Tag                                                  Avg(ms)         Min         Max     Std Dev       Count

Performance Statistics   2019-12-26 15:01:00 - 2019-12-26 15:02:00
Tag                                                  Avg(ms)         Min         Max     Std Dev       Count

Performance Statistics   2019-12-26 15:02:00 - 2019-12-26 15:03:00
Tag                                                  Avg(ms)         Min         Max     Std Dev       Count

Performance Statistics   2019-12-26 15:03:00 - 2019-12-26 15:04:00
Tag                                                  Avg(ms)         Min         Max     Std Dev       Count

Performance Statistics   2019-12-26 15:04:00 - 2019-12-26 15:05:00
Tag                                                  Avg(ms)         Min         Max     Std Dev       Count

Performance Statistics   2019-12-26 15:05:00 - 2019-12-26 15:06:00
Tag                                                  Avg(ms)         Min         Max     Std Dev       Count

Performance Statistics   2019-12-26 15:06:00 - 2019-12-26 15:07:00
Tag                                                  Avg(ms)         Min         Max     Std Dev       Count

Performance Statistics   2019-12-26 15:07:00 - 2019-12-26 15:08:00
Tag                                                  Avg(ms)         Min         Max     Std Dev       Count

Performance Statistics   2019-12-26 15:08:00 - 2019-12-26 15:09:00
Tag                                                  Avg(ms)         Min         Max     Std Dev       Count

Performance Statistics   2019-12-26 15:09:00 - 2019-12-26 15:10:00
Tag                                                  Avg(ms)         Min         Max     Std Dev       Count

Performance Statistics   2019-12-26 15:10:00 - 2019-12-26 15:11:00
Tag                                                  Avg(ms)         Min         Max     Std Dev       Count

Performance Statistics   2019-12-26 15:11:00 - 2019-12-26 15:12:00
Tag                                                  Avg(ms)         Min         Max     Std Dev       Count

Performance Statistics   2019-12-26 15:12:00 - 2019-12-26 15:13:00
Tag                                                  Avg(ms)         Min         Max     Std Dev       Count

Performance Statistics   2019-12-26 15:13:00 - 2019-12-26 15:14:00
Tag                                                  Avg(ms)         Min         Max     Std Dev       Count

Performance Statistics   2019-12-26 15:14:00 - 2019-12-26 15:15:00
Tag                                                  Avg(ms)         Min         Max     Std Dev       Count

Performance Statistics   2019-12-26 15:15:00 - 2019-12-26 15:16:00
Tag                                                  Avg(ms)         Min         Max     Std Dev       Count

Performance Statistics   2019-12-26 15:16:00 - 2019-12-26 15:17:00
Tag                                                  Avg(ms)         Min         Max     Std Dev       Count

Performance Statistics   2019-12-26 15:17:00 - 2019-12-26 15:18:00
Tag                                                  Avg(ms)         Min         Max     Std Dev       Count

Performance Statistics   2019-12-26 15:18:00 - 2019-12-26 15:19:00
Tag                                                  Avg(ms)         Min         Max     Std Dev       Count

Performance Statistics   2019-12-26 15:19:00 - 2019-12-26 15:20:00
Tag                                                  Avg(ms)         Min         Max     Std Dev       Count

Performance Statistics   2019-12-26 15:20:00 - 2019-12-26 15:21:00
Tag                                                  Avg(ms)         Min         Max     Std Dev       Count

Performance Statistics   2019-12-26 15:21:00 - 2019-12-26 15:22:00
Tag                                                  Avg(ms)         Min         Max     Std Dev       Count

Performance Statistics   2019-12-26 15:22:00 - 2019-12-26 15:23:00
Tag                                                  Avg(ms)         Min         Max     Std Dev       Count

Performance Statistics   2019-12-26 15:56:00 - 2019-12-26 15:57:00
Tag                                                  Avg(ms)         Min         Max     Std Dev       Count

Performance Statistics   2019-12-26 15:57:00 - 2019-12-26 15:58:00
Tag                                                  Avg(ms)         Min         Max     Std Dev       Count

Performance Statistics   2019-12-26 15:58:00 - 2019-12-26 15:59:00
Tag                                                  Avg(ms)         Min         Max     Std Dev       Count
AUTHENTICATE                                           856.0         856         856         0.0           1
CREATE_TICKET_GRANTING_TICKET                          865.0         865         865         0.0           1
GRANT_SERVICE_TICKET                                     6.0           6           6         0.0           1
VALIDATE_SERVICE_TICKET                                  8.0           8           8         0.0           1

Performance Statistics   2019-12-26 15:59:00 - 2019-12-26 16:00:00
Tag                                                  Avg(ms)         Min         Max     Std Dev       Count
DESTROY_TICKET_GRANTING_TICKET                           9.0           9           9         0.0           1

Performance Statistics   2019-12-26 16:00:00 - 2019-12-26 16:01:00
Tag                                                  Avg(ms)         Min         Max     Std Dev       Count

Performance Statistics   2019-12-26 16:01:00 - 2019-12-26 16:02:00
Tag                                                  Avg(ms)         Min         Max     Std Dev       Count

Performance Statistics   2019-12-26 16:05:00 - 2019-12-26 16:06:00
Tag                                                  Avg(ms)         Min         Max     Std Dev       Count
AUTHENTICATE                                           452.0          78         826       374.0           2
CREATE_TICKET_GRANTING_TICKET                          457.0          83         831       374.0           2
GRANT_SERVICE_TICKET                                     5.0           5           5         0.0           1
VALIDATE_SERVICE_TICKET                                  8.0           8           8         0.0           1

Performance Statistics   2019-12-26 16:06:00 - 2019-12-26 16:07:00
Tag                                                  Avg(ms)         Min         Max     Std Dev       Count
DESTROY_TICKET_GRANTING_TICKET                          11.0          11          11         0.0           1

Performance Statistics   2019-12-26 16:07:00 - 2019-12-26 16:08:00
Tag                                                  Avg(ms)         Min         Max     Std Dev       Count

Performance Statistics   2019-12-26 16:08:00 - 2019-12-26 16:09:00
Tag                                                  Avg(ms)         Min         Max     Std Dev       Count

Performance Statistics   2019-12-26 16:09:00 - 2019-12-26 16:10:00
Tag                                                  Avg(ms)         Min         Max     Std Dev       Count

Performance Statistics   2019-12-26 16:10:00 - 2019-12-26 16:11:00
Tag                                                  Avg(ms)         Min         Max     Std Dev       Count

Performance Statistics   2019-12-26 16:11:00 - 2019-12-26 16:12:00
Tag                                                  Avg(ms)         Min         Max     Std Dev       Count

Performance Statistics   2019-12-26 16:12:00 - 2019-12-26 16:13:00
Tag                                                  Avg(ms)         Min         Max     Std Dev       Count

Performance Statistics   2019-12-26 16:13:00 - 2019-12-26 16:14:00
Tag                                                  Avg(ms)         Min         Max     Std Dev       Count

Performance Statistics   2019-12-26 16:14:00 - 2019-12-26 16:15:00
Tag                                                  Avg(ms)         Min         Max     Std Dev       Count

Performance Statistics   2019-12-26 16:15:00 - 2019-12-26 16:16:00
Tag                                                  Avg(ms)         Min         Max     Std Dev       Count

Performance Statistics   2019-12-26 16:16:00 - 2019-12-26 16:17:00
Tag                                                  Avg(ms)         Min         Max     Std Dev       Count
AUTHENTICATE                                            23.0          23          23         0.0           1
CREATE_TICKET_GRANTING_TICKET                           25.0          25          25         0.0           1
GRANT_SERVICE_TICKET                                     1.0           1           1         0.0           1
VALIDATE_SERVICE_TICKET                                  1.0           1           1         0.0           1

Performance Statistics   2019-12-26 16:17:00 - 2019-12-26 16:18:00
Tag                                                  Avg(ms)         Min         Max     Std Dev       Count

Performance Statistics   2019-12-26 16:18:00 - 2019-12-26 16:19:00
Tag                                                  Avg(ms)         Min         Max     Std Dev       Count

Performance Statistics   2019-12-26 16:19:00 - 2019-12-26 16:20:00
Tag                                                  Avg(ms)         Min         Max     Std Dev       Count
GRANT_SERVICE_TICKET                                     4.0           4           4         0.0           1
VALIDATE_SERVICE_TICKET                                  2.0           2           2         0.0           1

Performance Statistics   2019-12-26 16:20:00 - 2019-12-26 16:21:00
Tag                                                  Avg(ms)         Min         Max     Std Dev       Count
DESTROY_TICKET_GRANTING_TICKET                           2.0           2           2         0.0           1

Performance Statistics   2019-12-26 16:21:00 - 2019-12-26 16:22:00
Tag                                                  Avg(ms)         Min         Max     Std Dev       Count
AUTHENTICATE                                            22.0          22          22         0.0           1
CREATE_TICKET_GRANTING_TICKET                           23.0          23          23         0.0           1
GRANT_SERVICE_TICKET                                     2.0           2           2         0.0           1
VALIDATE_SERVICE_TICKET                                  2.0           2           2         0.0           1

Performance Statistics   2019-12-26 16:22:00 - 2019-12-26 16:23:00
Tag                                                  Avg(ms)         Min         Max     Std Dev       Count

Performance Statistics   2019-12-26 17:37:00 - 2019-12-26 17:38:00
Tag                                                  Avg(ms)         Min         Max     Std Dev       Count

Performance Statistics   2019-12-26 17:38:00 - 2019-12-26 17:39:00
Tag                                                  Avg(ms)         Min         Max     Std Dev       Count

Performance Statistics   2019-12-26 17:39:00 - 2019-12-26 17:40:00
Tag                                                  Avg(ms)         Min         Max     Std Dev       Count

Performance Statistics   2019-12-26 17:40:00 - 2019-12-26 17:41:00
Tag                                                  Avg(ms)         Min         Max     Std Dev       Count
AUTHENTICATE                                           307.3          22         864       393.7           3
CREATE_TICKET_GRANTING_TICKET                          311.7          24         869       394.2           3
GRANT_SERVICE_TICKET                                     3.7           3           5         0.9           3
VALIDATE_SERVICE_TICKET                                  5.3           1          14         6.1           3

Performance Statistics   2019-12-26 17:41:00 - 2019-12-26 17:42:00
Tag                                                  Avg(ms)         Min         Max     Std Dev       Count

Performance Statistics   2019-12-26 17:42:00 - 2019-12-26 17:43:00
Tag                                                  Avg(ms)         Min         Max     Std Dev       Count

Performance Statistics   2019-12-26 17:43:00 - 2019-12-26 17:44:00
Tag                                                  Avg(ms)         Min         Max     Std Dev       Count
AUTHENTICATE                                            23.0          23          23         0.0           1
CREATE_TICKET_GRANTING_TICKET                           25.0          25          25         0.0           1
DESTROY_TICKET_GRANTING_TICKET                           8.0           8           8         0.0           1
GRANT_SERVICE_TICKET                                     1.8           1           2         0.4           4
VALIDATE_SERVICE_TICKET                                  2.0           1           4         1.2           4

Performance Statistics   2019-12-26 17:44:00 - 2019-12-26 17:45:00
Tag                                                  Avg(ms)         Min         Max     Std Dev       Count

Performance Statistics   2019-12-26 17:45:00 - 2019-12-26 17:46:00
Tag                                                  Avg(ms)         Min         Max     Std Dev       Count

Performance Statistics   2019-12-26 17:46:00 - 2019-12-26 17:47:00
Tag                                                  Avg(ms)         Min         Max     Std Dev       Count

Performance Statistics   2019-12-26 17:47:00 - 2019-12-26 17:48:00
Tag                                                  Avg(ms)         Min         Max     Std Dev       Count

Performance Statistics   2019-12-26 17:48:00 - 2019-12-26 17:49:00
Tag                                                  Avg(ms)         Min         Max     Std Dev       Count

Performance Statistics   2019-12-26 17:49:00 - 2019-12-26 17:50:00
Tag                                                  Avg(ms)         Min         Max     Std Dev       Count

Performance Statistics   2019-12-26 17:50:00 - 2019-12-26 17:51:00
Tag                                                  Avg(ms)         Min         Max     Std Dev       Count

Performance Statistics   2019-12-26 17:51:00 - 2019-12-26 17:52:00
Tag                                                  Avg(ms)         Min         Max     Std Dev       Count

Performance Statistics   2019-12-26 17:52:00 - 2019-12-26 17:53:00
Tag                                                  Avg(ms)         Min         Max     Std Dev       Count

Performance Statistics   2019-12-26 17:53:00 - 2019-12-26 17:54:00
Tag                                                  Avg(ms)         Min         Max     Std Dev       Count

Performance Statistics   2019-12-26 17:54:00 - 2019-12-26 17:55:00
Tag                                                  Avg(ms)         Min         Max     Std Dev       Count

Performance Statistics   2019-12-26 17:55:00 - 2019-12-26 17:56:00
Tag                                                  Avg(ms)         Min         Max     Std Dev       Count

Performance Statistics   2019-12-26 17:56:00 - 2019-12-26 17:57:00
Tag                                                  Avg(ms)         Min         Max     Std Dev       Count

Performance Statistics   2019-12-26 17:57:00 - 2019-12-26 17:58:00
Tag                                                  Avg(ms)         Min         Max     Std Dev       Count

Performance Statistics   2019-12-26 17:58:00 - 2019-12-26 17:59:00
Tag                                                  Avg(ms)         Min         Max     Std Dev       Count

Performance Statistics   2019-12-26 17:59:00 - 2019-12-26 18:00:00
Tag                                                  Avg(ms)         Min         Max     Std Dev       Count

Performance Statistics   2019-12-26 18:00:00 - 2019-12-26 18:01:00
Tag                                                  Avg(ms)         Min         Max     Std Dev       Count

Performance Statistics   2019-12-26 18:01:00 - 2019-12-26 18:02:00
Tag                                                  Avg(ms)         Min         Max     Std Dev       Count

Performance Statistics   2019-12-26 18:02:00 - 2019-12-26 18:03:00
Tag                                                  Avg(ms)         Min         Max     Std Dev       Count

Performance Statistics   2019-12-26 18:03:00 - 2019-12-26 18:04:00
Tag                                                  Avg(ms)         Min         Max     Std Dev       Count

Performance Statistics   2019-12-26 18:04:00 - 2019-12-26 18:05:00
Tag                                                  Avg(ms)         Min         Max     Std Dev       Count

Performance Statistics   2019-12-26 18:05:00 - 2019-12-26 18:06:00
Tag                                                  Avg(ms)         Min         Max     Std Dev       Count

Performance Statistics   2019-12-26 18:06:00 - 2019-12-26 18:07:00
Tag                                                  Avg(ms)         Min         Max     Std Dev       Count

Performance Statistics   2019-12-26 18:07:00 - 2019-12-26 18:08:00
Tag                                                  Avg(ms)         Min         Max     Std Dev       Count

Performance Statistics   2019-12-26 18:08:00 - 2019-12-26 18:09:00
Tag                                                  Avg(ms)         Min         Max     Std Dev       Count

Performance Statistics   2019-12-26 18:09:00 - 2019-12-26 18:10:00
Tag                                                  Avg(ms)         Min         Max     Std Dev       Count

Performance Statistics   2019-12-26 18:10:00 - 2019-12-26 18:11:00
Tag                                                  Avg(ms)         Min         Max     Std Dev       Count

Performance Statistics   2019-12-26 18:11:00 - 2019-12-26 18:12:00
Tag                                                  Avg(ms)         Min         Max     Std Dev       Count

Performance Statistics   2019-12-26 18:12:00 - 2019-12-26 18:13:00
Tag                                                  Avg(ms)         Min         Max     Std Dev       Count

Performance Statistics   2019-12-26 18:13:00 - 2019-12-26 18:14:00
Tag                                                  Avg(ms)         Min         Max     Std Dev       Count

Performance Statistics   2019-12-26 18:14:00 - 2019-12-26 18:15:00
Tag                                                  Avg(ms)         Min         Max     Std Dev       Count

Performance Statistics   2019-12-26 18:15:00 - 2019-12-26 18:16:00
Tag                                                  Avg(ms)         Min         Max     Std Dev       Count

Performance Statistics   2019-12-26 18:16:00 - 2019-12-26 18:17:00
Tag                                                  Avg(ms)         Min         Max     Std Dev       Count

Performance Statistics   2019-12-26 18:17:00 - 2019-12-26 18:18:00
Tag                                                  Avg(ms)         Min         Max     Std Dev       Count

Performance Statistics   2019-12-26 18:18:00 - 2019-12-26 18:19:00
Tag                                                  Avg(ms)         Min         Max     Std Dev       Count

Performance Statistics   2019-12-26 18:19:00 - 2019-12-26 18:20:00
Tag                                                  Avg(ms)         Min         Max     Std Dev       Count

Performance Statistics   2019-12-26 18:20:00 - 2019-12-26 18:21:00
Tag                                                  Avg(ms)         Min         Max     Std Dev       Count

Performance Statistics   2019-12-26 18:21:00 - 2019-12-26 18:22:00
Tag                                                  Avg(ms)         Min         Max     Std Dev       Count

Performance Statistics   2019-12-26 18:22:00 - 2019-12-26 18:23:00
Tag                                                  Avg(ms)         Min         Max     Std Dev       Count

Performance Statistics   2019-12-26 18:23:00 - 2019-12-26 18:24:00
Tag                                                  Avg(ms)         Min         Max     Std Dev       Count

Performance Statistics   2019-12-26 18:24:00 - 2019-12-26 18:25:00
Tag                                                  Avg(ms)         Min         Max     Std Dev       Count

